[I] connect: Prefix: ROBOTIS
[I] open: btspp://B863BC00B063:1;authenticate=false;encrypt=false;master=false
[I] open: B863BC00B063(ROBOTIS_210_63)
[FF FF FD 00][C8][07 00][03] 42 00 01 00[DA 61]
[FF FF FD 00][C8][04 00][55][00][19 2D]
[FF FF FD 00][C8][07 00][02] 44 00 01 00[A1 99]
4D
54
4E
[FF FF FD 00][C8][05 00][55][00] 01 [90 19]
[FF FF FD 00][C8][07 00][02] 44 00 01 00[A1 99]
[FF FF FD 00][C8][05 00][55][00] 00 [95 99]
[FF FF FD 00][C8][07 00][03] 42 00 02 00[DA 6B]
[FF FF FD 00][C8][04 00][55][00][19 2D]
[FF FF FD 00][C8][07 00][02] 44 00 01 00[A1 99]
4D
54
4E
[FF FF FD 00][C8][05 00][55][00] 01 [90 19]
[FF FF FD 00][C8][07 00][02] 44 00 01 00[A1 99]
[FF FF FD 00][C8][05 00][55][00] 01 [90 19]
[FF FF FD 00][C8][07 00][02] 44 00 01 00[A1 99]
[FF FF FD 00][C8][05 00][55][00] 01 [90 19]
[FF FF FD 00][C8][07 00][02] 44 00 01 00[A1 99]
[FF FF FD 00][C8][05 00][55][00] 01 [90 19]
[FF FF FD 00][C8][07 00][02] 44 00 01 00[A1 99]
[FF FF FD 00][C8][05 00][55][00] 01 [90 19]
[FF FF FD 00][C8][07 00][02] 44 00 01 00[A1 99]
[FF FF FD 00][C8][05 00][55][00] 01 [90 19]
[FF FF FD 00][C8][07 00][02] 44 00 01 00[A1 99]
[FF FF FD 00][C8][05 00][55][00] 00 [95 99]
[FF FF FD 00][C8][07 00][03] 42 00 01 00[DA 61]
[FF FF FD 00][C8][04 00][55][00][19 2D]
[FF FF FD 00][C8][07 00][02] 44 00 01 00[A1 99]
4D
54
4E
[FF FF FD 00][C8][05 00][55][00] 01 [90 19]
[FF FF FD 00][C8][07 00][02] 44 00 01 00[A1 99]
[FF FF FD 00][C8][05 00][55][00] 00 [95 99]
[FF FF FD 00][C8][07 00][03] 42 00 02 00[DA 6B]
[FF FF FD 00][C8][04 00][55][00][19 2D]
[FF FF FD 00][C8][07 00][02] 44 00 01 00[A1 99]
4D
54
4E
[FF FF FD 00][C8][05 00][55][00] 01 [90 19]
[FF FF FD 00][C8][07 00][02] 44 00 01 00[A1 99]
[FF FF FD 00][C8][05 00][55][00] 01 [90 19]
[FF FF FD 00][C8][07 00][02] 44 00 01 00[A1 99]
[FF FF FD 00][C8][05 00][55][00] 01 [90 19]
[FF FF FD 00][C8][07 00][02] 44 00 01 00[A1 99]
[FF FF FD 00][C8][05 00][55][00] 01 [90 19]
[FF FF FD 00][C8][07 00][02] 44 00 01 00[A1 99]
[FF FF FD 00][C8][05 00][55][00] 01 [90 19]
[FF FF FD 00][C8][07 00][02] 44 00 01 00[A1 99]
[FF FF FD 00][C8][05 00][55][00] 01 [90 19]
[FF FF FD 00][C8][07 00][02] 44 00 01 00[A1 99]
00
00
00
00
[FF FF FD 00][C8][07 00][02] 44 00 01 00[A1 99]
[FF FF FD 00][C8][05 00][55][00] 00 [95 99]
[FF FF FD 00][C8][07 00][03] 42 00 00 00[D9 E7]
[FF FF FD 00][C8][04 00][55][00][19 2D]
[FF FF FD 00][C8][07 00][02] 44 00 01 00[A1 99]
[FF FF FD 00][C8][05 00][55][00] 00 [95 99]
[FF FF FD 00][C8][07 00][03] 42 00 01 00[DA 61]
[FF FF FD 00][C8][04 00][55][00][19 2D]
[FF FF FD 00][C8][07 00][02] 44 00 01 00[A1 99]
4D
54
4E
[FF FF FD 00][C8][05 00][55][00] 01 [90 19]
[FF FF FD 00][C8][07 00][02] 44 00 01 00[A1 99]
[FF FF FD 00][C8][05 00][55][00] 00 [95 99]
[FF FF FD 00][C8][07 00][03] 42 00 03 00[D9 ED]
[FF FF FD 00][C8][04 00][55][00][19 2D]
[FF FF FD 00][C8][07 00][02] 44 00 01 00[A1 99]
4D
54
4E
[FF FF FD 00][C8][05 00][55][00] 01 [90 19]
[FF FF FD 00][C8][07 00][02] 44 00 01 00[A1 99]
[FF FF FD 00][C8][05 00][55][00] 01 [90 19]
[FF FF FD 00][C8][07 00][02] 44 00 01 00[A1 99]
[FF FF FD 00][C8][05 00][55][00] 00 [95 99]
[FF FF FD 00][C8][07 00][03] 42 00 00 00[D9 E7]
[FF FF FD 00][C8][04 00][55][00][19 2D]
[FF FF FD 00][C8][07 00][02] 44 00 01 00[A1 99]
[FF FF FD 00][C8][05 00][55][00] 00 [95 99]
[FF FF FD 00][C8][07 00][03] 42 00 01 00[DA 61]
[FF FF FD 00][C8][04 00][55][00][19 2D]
[FF FF FD 00][C8][07 00][02] 44 00 01 00[A1 99]
4D
54
4E
[FF FF FD 00][C8][05 00][55][00] 01 [90 19]
[FF FF FD 00][C8][07 00][02] 44 00 01 00[A1 99]
[FF FF FD 00][C8][05 00][55][00] 00 [95 99]
[FF FF FD 00][C8][07 00][03] 42 00 04 00[DA 7F]
[FF FF FD 00][C8][04 00][55][00][19 2D]
[FF FF FD 00][C8][07 00][02] 44 00 01 00[A1 99]
4D
54
4E
[FF FF FD 00][C8][05 00][55][00] 01 [90 19]
[FF FF FD 00][C8][07 00][02] 44 00 01 00[A1 99]
[FF FF FD 00][C8][05 00][55][00] 01 [90 19]
[FF FF FD 00][C8][07 00][02] 44 00 01 00[A1 99]
[FF FF FD 00][C8][05 00][55][00] 00 [95 99]
[FF FF FD 00][C8][07 00][03] 42 00 00 00[D9 E7]
[FF FF FD 00][C8][04 00][55][00][19 2D]
[FF FF FD 00][C8][07 00][02] 44 00 01 00[A1 99]
[FF FF FD 00][C8][05 00][55][00] 00 [95 99]
[FF FF FD 00][C8][07 00][03] 42 00 01 00[DA 61]
[FF FF FD 00][C8][04 00][55][00][19 2D]
[FF FF FD 00][C8][07 00][02] 44 00 01 00[A1 99]
4D
54
4E
[FF FF FD 00][C8][05 00][55][00] 01 [90 19]
[FF FF FD 00][C8][07 00][02] 44 00 01 00[A1 99]
[FF FF FD 00][C8][05 00][55][00] 00 [95 99]
[FF FF FD 00][C8][07 00][03] 42 00 05 00[D9 F9]
[FF FF FD 00][C8][04 00][55][00][19 2D]
[FF FF FD 00][C8][07 00][02] 44 00 01 00[A1 99]
4D
54
4E
[FF FF FD 00][C8][05 00][55][00] 01 [90 19]
[FF FF FD 00][C8][07 00][02] 44 00 01 00[A1 99]
[FF FF FD 00][C8][05 00][55][00] 01 [90 19]
[FF FF FD 00][C8][07 00][02] 44 00 01 00[A1 99]
[FF FF FD 00][C8][05 00][55][00] 01 [90 19]
[FF FF FD 00][C8][07 00][02] 44 00 01 00[A1 99]
[FF FF FD 00][C8][05 00][55][00] 01 [90 19]
[FF FF FD 00][C8][07 00][02] 44 00 01 00[A1 99]
[FF FF FD 00][C8][05 00][55][00] 01 [90 19]
[FF FF FD 00][C8][07 00][02] 44 00 01 00[A1 99]
[FF FF FD 00][C8][05 00][55][00] 00 [95 99]
[FF FF FD 00][C8][07 00][03] 42 00 00 00[D9 E7]
[FF FF FD 00][C8][04 00][55][00][19 2D]
[FF FF FD 00][C8][07 00][02] 44 00 01 00[A1 99]
[FF FF FD 00][C8][05 00][55][00] 00 [95 99]
[FF FF FD 00][C8][07 00][03] 42 00 01 00[DA 61]
[FF FF FD 00][C8][04 00][55][00][19 2D]
[FF FF FD 00][C8][07 00][02] 44 00 01 00[A1 99]
4D
54
4E
[FF FF FD 00][C8][05 00][55][00] 01 [90 19]
[FF FF FD 00][C8][07 00][02] 44 00 01 00[A1 99]
[FF FF FD 00][C8][05 00][55][00] 00 [95 99]
[FF FF FD 00][C8][07 00][03] 42 00 06 00[D9 F3]
[FF FF FD 00][C8][04 00][55][00][19 2D]
[FF FF FD 00][C8][07 00][02] 44 00 01 00[A1 99]
4D
54
4E
[FF FF FD 00][C8][05 00][55][00] 01 [90 19]
[FF FF FD 00][C8][07 00][02] 44 00 01 00[A1 99]
[FF FF FD 00][C8][05 00][55][00] 01 [90 19]
[FF FF FD 00][C8][07 00][02] 44 00 01 00[A1 99]
[FF FF FD 00][C8][05 00][55][00] 01 [90 19]
[FF FF FD 00][C8][07 00][02] 44 00 01 00[A1 99]
[FF FF FD 00][C8][05 00][55][00] 01 [90 19]
[FF FF FD 00][C8][07 00][02] 44 00 01 00[A1 99]
[FF FF FD 00][C8][05 00][55][00] 01 [90 19]
[FF FF FD 00][C8][07 00][02] 44 00 01 00[A1 99]
[FF FF FD 00][C8][05 00][55][00] 01 [90 19]
[FF FF FD 00][C8][07 00][02] 44 00 01 00[A1 99]
[FF FF FD 00][C8][05 00][55][00] 00 [95 99]
[FF FF FD 00][C8][07 00][03] 42 00 00 00[D9 E7]
[FF FF FD 00][C8][04 00][55][00][19 2D]
[FF FF FD 00][C8][07 00][02] 44 00 01 00[A1 99]
[FF FF FD 00][C8][05 00][55][00] 00 [95 99]
[FF FF FD 00][C8][07 00][03] 42 00 01 00[DA 61]
[FF FF FD 00][C8][04 00][55][00][19 2D]
[FF FF FD 00][C8][07 00][02] 44 00 01 00[A1 99]
4D
54
4E
[FF FF FD 00][C8][05 00][55][00] 01 [90 19]
[FF FF FD 00][C8][07 00][02] 44 00 01 00[A1 99]
[FF FF FD 00][C8][05 00][55][00] 00 [95 99]
[FF FF FD 00][C8][07 00][03] 42 00 07 00[DA 75]
[FF FF FD 00][C8][04 00][55][00][19 2D]
[FF FF FD 00][C8][07 00][02] 44 00 01 00[A1 99]
4D
54
4E
[FF FF FD 00][C8][05 00][55][00] 01 [90 19]
[FF FF FD 00][C8][07 00][02] 44 00 01 00[A1 99]
[FF FF FD 00][C8][05 00][55][00] 01 [90 19]
[FF FF FD 00][C8][07 00][02] 44 00 01 00[A1 99]
[FF FF FD 00][C8][05 00][55][00] 00 [95 99]
[FF FF FD 00][C8][07 00][03] 42 00 00 00[D9 E7]
[FF FF FD 00][C8][04 00][55][00][19 2D]
[FF FF FD 00][C8][07 00][02] 44 00 01 00[A1 99]
[FF FF FD 00][C8][05 00][55][00] 00 [95 99]
[FF FF FD 00][C8][07 00][03] 42 00 01 00[DA 61]
[FF FF FD 00][C8][04 00][55][00][19 2D]
[FF FF FD 00][C8][07 00][02] 44 00 01 00[A1 99]
4D
54
4E
[FF FF FD 00][C8][05 00][55][00] 01 [90 19]
[FF FF FD 00][C8][07 00][02] 44 00 01 00[A1 99]
[FF FF FD 00][C8][05 00][55][00] 00 [95 99]
[FF FF FD 00][C8][07 00][03] 42 00 08 00[DA 57]
[FF FF FD 00][C8][04 00][55][00][19 2D]
[FF FF FD 00][C8][07 00][02] 44 00 01 00[A1 99]
4D
54
4E
[FF FF FD 00][C8][05 00][55][00] 01 [90 19]
[FF FF FD 00][C8][07 00][02] 44 00 01 00[A1 99]
[FF FF FD 00][C8][05 00][55][00] 01 [90 19]
[FF FF FD 00][C8][07 00][02] 44 00 01 00[A1 99]
[FF FF FD 00][C8][05 00][55][00] 00 [95 99]
[FF FF FD 00][C8][07 00][03] 42 00 00 00[D9 E7]
[FF FF FD 00][C8][04 00][55][00][19 2D]
[FF FF FD 00][C8][07 00][02] 44 00 01 00[A1 99]
[FF FF FD 00][C8][05 00][55][00] 00 [95 99]
[FF FF FD 00][C8][07 00][03] 42 00 01 00[DA 61]
[FF FF FD 00][C8][04 00][55][00][19 2D]
[FF FF FD 00][C8][07 00][02] 44 00 01 00[A1 99]
4D
54
4E
[FF FF FD 00][C8][05 00][55][00] 01 [90 19]
[FF FF FD 00][C8][07 00][02] 44 00 01 00[A1 99]
[FF FF FD 00][C8][05 00][55][00] 00 [95 99]
[FF FF FD 00][C8][07 00][03] 42 00 09 00[D9 D1]
[FF FF FD 00][C8][04 00][55][00][19 2D]
[FF FF FD 00][C8][07 00][02] 44 00 01 00[A1 99]
4D
54
4E
[FF FF FD 00][C8][05 00][55][00] 01 [90 19]
[FF FF FD 00][C8][07 00][02] 44 00 01 00[A1 99]
[FF FF FD 00][C8][05 00][55][00] 01 [90 19]
[FF FF FD 00][C8][07 00][02] 44 00 01 00[A1 99]
[FF FF FD 00][C8][05 00][55][00] 00 [95 99]
[FF FF FD 00][C8][07 00][03] 42 00 00 00[D9 E7]
[FF FF FD 00][C8][04 00][55][00][19 2D]
[FF FF FD 00][C8][07 00][02] 44 00 01 00[A1 99]
[FF FF FD 00][C8][05 00][55][00] 00 [95 99]
[FF FF FD 00][C8][07 00][03] 42 00 01 00[DA 61]
[FF FF FD 00][C8][04 00][55][00][19 2D]
[FF FF FD 00][C8][07 00][02] 44 00 01 00[A1 99]
4D
54
4E
[FF FF FD 00][C8][05 00][55][00] 01 [90 19]
[FF FF FD 00][C8][07 00][02] 44 00 01 00[A1 99]
[FF FF FD 00][C8][05 00][55][00] 00 [95 99]
[FF FF FD 00][C8][07 00][03] 42 00 0A 00[D9 DB]
[FF FF FD 00][C8][04 00][55][00][19 2D]
[FF FF FD 00][C8][07 00][02] 44 00 01 00[A1 99]
4D
54
4E
[FF FF FD 00][C8][05 00][55][00] 01 [90 19]
[FF FF FD 00][C8][07 00][02] 44 00 01 00[A1 99]
[FF FF FD 00][C8][05 00][55][00] 01 [90 19]
[FF FF FD 00][C8][07 00][02] 44 00 01 00[A1 99]
[FF FF FD 00][C8][05 00][55][00] 00 [95 99]
[FF FF FD 00][C8][07 00][03] 42 00 00 00[D9 E7]
[FF FF FD 00][C8][04 00][55][00][19 2D]
[FF FF FD 00][C8][07 00][02] 44 00 01 00[A1 99]
[FF FF FD 00][C8][05 00][55][00] 00 [95 99]
[FF FF FD 00][C8][07 00][03] 42 00 01 00[DA 61]
[FF FF FD 00][C8][04 00][55][00][19 2D]
[FF FF FD 00][C8][07 00][02] 44 00 01 00[A1 99]
4D
54
4E
[FF FF FD 00][C8][05 00][55][00] 01 [90 19]
[FF FF FD 00][C8][07 00][02] 44 00 01 00[A1 99]
[FF FF FD 00][C8][05 00][55][00] 00 [95 99]
[FF FF FD 00][C8][07 00][03] 42 00 0B 00[DA 5D]
[FF FF FD 00][C8][04 00][55][00][19 2D]
[FF FF FD 00][C8][07 00][02] 44 00 01 00[A1 99]
4D
54
4E
[FF FF FD 00][C8][05 00][55][00] 01 [90 19]
[FF FF FD 00][C8][07 00][02] 44 00 01 00[A1 99]
[FF FF FD 00][C8][05 00][55][00] 01 [90 19]
[FF FF FD 00][C8][07 00][02] 44 00 01 00[A1 99]
[FF FF FD 00][C8][05 00][55][00] 00 [95 99]
[FF FF FD 00][C8][07 00][03] 42 00 00 00[D9 E7]
[FF FF FD 00][C8][04 00][55][00][19 2D]
[FF FF FD 00][C8][07 00][02] 44 00 01 00[A1 99]
[FF FF FD 00][C8][05 00][55][00] 00 [95 99]
[FF FF FD 00][C8][07 00][03] 42 00 01 00[DA 61]
[FF FF FD 00][C8][04 00][55][00][19 2D]
[FF FF FD 00][C8][07 00][02] 44 00 01 00[A1 99]
4D
54
4E
[FF FF FD 00][C8][05 00][55][00] 01 [90 19]
[FF FF FD 00][C8][07 00][02] 44 00 01 00[A1 99]
[FF FF FD 00][C8][05 00][55][00] 00 [95 99]
[FF FF FD 00][C8][07 00][03] 42 00 0C 00[D9 CF]
[FF FF FD 00][C8][04 00][55][00][19 2D]
[FF FF FD 00][C8][07 00][02] 44 00 01 00[A1 99]
4D
54
4E
[FF FF FD 00][C8][05 00][55][00] 01 [90 19]
[FF FF FD 00][C8][07 00][02] 44 00 01 00[A1 99]
[FF FF FD 00][C8][05 00][55][00] 01 [90 19]
[FF FF FD 00][C8][07 00][02] 44 00 01 00[A1 99]
[FF FF FD 00][C8][05 00][55][00] 00 [95 99]
[FF FF FD 00][C8][07 00][03] 42 00 00 00[D9 E7]
[FF FF FD 00][C8][04 00][55][00][19 2D]
[FF FF FD 00][C8][07 00][02] 44 00 01 00[A1 99]
[FF FF FD 00][C8][05 00][55][00] 00 [95 99]
[FF FF FD 00][C8][07 00][03] 42 00 01 00[DA 61]
[FF FF FD 00][C8][04 00][55][00][19 2D]
[FF FF FD 00][C8][07 00][02] 44 00 01 00[A1 99]
4D
54
4E
[FF FF FD 00][C8][05 00][55][00] 01 [90 19]
[FF FF FD 00][C8][07 00][02] 44 00 01 00[A1 99]
[FF FF FD 00][C8][05 00][55][00] 00 [95 99]
[FF FF FD 00][C8][07 00][03] 42 00 0D 00[DA 49]
[FF FF FD 00][C8][04 00][55][00][19 2D]
[FF FF FD 00][C8][07 00][02] 44 00 01 00[A1 99]
4D
54
4E
[FF FF FD 00][C8][05 00][55][00] 01 [90 19]
[FF FF FD 00][C8][07 00][02] 44 00 01 00[A1 99]
[FF FF FD 00][C8][05 00][55][00] 01 [90 19]
[FF FF FD 00][C8][07 00][02] 44 00 01 00[A1 99]
[FF FF FD 00][C8][05 00][55][00] 01 [90 19]
[FF FF FD 00][C8][07 00][02] 44 00 01 00[A1 99]
[FF FF FD 00][C8][05 00][55][00] 01 [90 19]
[FF FF FD 00][C8][07 00][02] 44 00 01 00[A1 99]
[FF FF FD 00][C8][05 00][55][00] 01 [90 19]
[FF FF FD 00][C8][07 00][02] 44 00 01 00[A1 99]
[FF FF FD 00][C8][05 00][55][00] 00 [95 99]
[FF FF FD 00][C8][07 00][03] 42 00 00 00[D9 E7]
[FF FF FD 00][C8][04 00][55][00][19 2D]
[FF FF FD 00][C8][07 00][02] 44 00 01 00[A1 99]
[FF FF FD 00][C8][05 00][55][00] 00 [95 99]
[FF FF FD 00][C8][07 00][03] 42 00 01 00[DA 61]
[FF FF FD 00][C8][04 00][55][00][19 2D]
[FF FF FD 00][C8][07 00][02] 44 00 01 00[A1 99]
4D
54
4E
[FF FF FD 00][C8][05 00][55][00] 01 [90 19]
[FF FF FD 00][C8][07 00][02] 44 00 01 00[A1 99]
[FF FF FD 00][C8][05 00][55][00] 00 [95 99]
[FF FF FD 00][C8][07 00][03] 42 00 0E 00[DA 43]
[FF FF FD 00][C8][04 00][55][00][19 2D]
[FF FF FD 00][C8][07 00][02] 44 00 01 00[A1 99]
4D
54
4E
[FF FF FD 00][C8][05 00][55][00] 01 [90 19]
[FF FF FD 00][C8][07 00][02] 44 00 01 00[A1 99]
[FF FF FD 00][C8][05 00][55][00] 01 [90 19]
[FF FF FD 00][C8][07 00][02] 44 00 01 00[A1 99]
[FF FF FD 00][C8][05 00][55][00] 01 [90 19]
[FF FF FD 00][C8][07 00][02] 44 00 01 00[A1 99]
[FF FF FD 00][C8][05 00][55][00] 01 [90 19]
[FF FF FD 00][C8][07 00][02] 44 00 01 00[A1 99]
[FF FF FD 00][C8][05 00][55][00] 01 [90 19]
[FF FF FD 00][C8][07 00][02] 44 00 01 00[A1 99]
[FF FF FD 00][C8][05 00][55][00] 00 [95 99]
[FF FF FD 00][C8][07 00][03] 42 00 00 00[D9 E7]
[FF FF FD 00][C8][04 00][55][00][19 2D]
[FF FF FD 00][C8][07 00][02] 44 00 01 00[A1 99]
[FF FF FD 00][C8][05 00][55][00] 00 [95 99]
[FF FF FD 00][C8][07 00][03] 42 00 01 00[DA 61]
[FF FF FD 00][C8][04 00][55][00][19 2D]
[FF FF FD 00][C8][07 00][02] 44 00 01 00[A1 99]
4D
54
4E
[FF FF FD 00][C8][05 00][55][00] 01 [90 19]
[FF FF FD 00][C8][07 00][02] 44 00 01 00[A1 99]
[FF FF FD 00][C8][05 00][55][00] 00 [95 99]
[FF FF FD 00][C8][07 00][03] 42 00 0F 00[D9 C5]
[FF FF FD 00][C8][04 00][55][00][19 2D]
[FF FF FD 00][C8][07 00][02] 44 00 01 00[A1 99]
4D
54
4E
[FF FF FD 00][C8][05 00][55][00] 01 [90 19]
[FF FF FD 00][C8][07 00][02] 44 00 01 00[A1 99]
[FF FF FD 00][C8][05 00][55][00] 01 [90 19]
[FF FF FD 00][C8][07 00][02] 44 00 01 00[A1 99]
[FF FF FD 00][C8][05 00][55][00] 00 [95 99]
[FF FF FD 00][C8][07 00][03] 42 00 00 00[D9 E7]
[FF FF FD 00][C8][04 00][55][00][19 2D]
[FF FF FD 00][C8][07 00][02] 44 00 01 00[A1 99]
[FF FF FD 00][C8][05 00][55][00] 00 [95 99]
[FF FF FD 00][C8][07 00][03] 42 00 01 00[DA 61]
[FF FF FD 00][C8][04 00][55][00][19 2D]
[FF FF FD 00][C8][07 00][02] 44 00 01 00[A1 99]
4D
54
4E
[FF FF FD 00][C8][05 00][55][00] 01 [90 19]
[FF FF FD 00][C8][07 00][02] 44 00 01 00[A1 99]
[FF FF FD 00][C8][05 00][55][00] 00 [95 99]
[FF FF FD 00][C8][07 00][03] 42 00 10 00[DA 07]
[FF FF FD 00][C8][04 00][55][00][19 2D]
[FF FF FD 00][C8][07 00][02] 44 00 01 00[A1 99]
4D
54
4E
[FF FF FD 00][C8][05 00][55][00] 01 [90 19]
[FF FF FD 00][C8][07 00][02] 44 00 01 00[A1 99]
[FF FF FD 00][C8][05 00][55][00] 01 [90 19]
[FF FF FD 00][C8][07 00][02] 44 00 01 00[A1 99]
[FF FF FD 00][C8][05 00][55][00] 00 [95 99]
[FF FF FD 00][C8][07 00][03] 42 00 00 00[D9 E7]
[FF FF FD 00][C8][04 00][55][00][19 2D]
[FF FF FD 00][C8][07 00][02] 44 00 01 00[A1 99]
[FF FF FD 00][C8][05 00][55][00] 00 [95 99]
[FF FF FD 00][C8][07 00][03] 42 00 01 00[DA 61]
[FF FF FD 00][C8][04 00][55][00][19 2D]
[FF FF FD 00][C8][07 00][02] 44 00 01 00[A1 99]
4D
54
4E
[FF FF FD 00][C8][05 00][55][00] 01 [90 19]
[FF FF FD 00][C8][07 00][02] 44 00 01 00[A1 99]
[FF FF FD 00][C8][05 00][55][00] 00 [95 99]
[FF FF FD 00][C8][07 00][03] 42 00 11 00[D9 81]
[FF FF FD 00][C8][04 00][55][00][19 2D]
[FF FF FD 00][C8][07 00][02] 44 00 01 00[A1 99]
4D
54
4E
[FF FF FD 00][C8][05 00][55][00] 01 [90 19]
[FF FF FD 00][C8][07 00][02] 44 00 01 00[A1 99]
[FF FF FD 00][C8][05 00][55][00] 01 [90 19]
[FF FF FD 00][C8][07 00][02] 44 00 01 00[A1 99]
00
00
00
00
[FF FF FD 00][C8][05 00][55][00] 00 [95 99]
[FF FF FD 00][C8][07 00][03] 42 00 00 00[D9 E7]
[FF FF FD 00][C8][04 00][55][00][19 2D]
[FF FF FD 00][C8][07 00][02] 44 00 01 00[A1 99]
[FF FF FD 00][C8][05 00][55][00] 00 [95 99]
[FF FF FD 00][C8][07 00][03] 42 00 01 00[DA 61]
[FF FF FD 00][C8][04 00][55][00][19 2D]
[FF FF FD 00][C8][07 00][02] 44 00 01 00[A1 99]
4D
54
4E
[FF FF FD 00][C8][05 00][55][00] 01 [90 19]
[FF FF FD 00][C8][07 00][02] 44 00 01 00[A1 99]
[FF FF FD 00][C8][05 00][55][00] 00 [95 99]
[FF FF FD 00][C8][07 00][03] 42 00 12 00[D9 8B]
[FF FF FD 00][C8][04 00][55][00][19 2D]
[FF FF FD 00][C8][07 00][02] 44 00 01 00[A1 99]
4D
54
4E
[FF FF FD 00][C8][05 00][55][00] 01 [90 19]
[FF FF FD 00][C8][07 00][02] 44 00 01 00[A1 99]
[FF FF FD 00][C8][05 00][55][00] 01 [90 19]
[FF FF FD 00][C8][07 00][02] 44 00 01 00[A1 99]
00
00
[FF FF FD 00][C8][05 00][55][00] 00 [95 99]
[FF FF FD 00][C8][07 00][03] 42 00 00 00[D9 E7]
[FF FF FD 00][C8][04 00][55][00][19 2D]
[FF FF FD 00][C8][07 00][02] 44 00 01 00[A1 99]
[FF FF FD 00][C8][05 00][55][00] 00 [95 99]
[FF FF FD 00][C8][07 00][03] 42 00 01 00[DA 61]
[FF FF FD 00][C8][04 00][55][00][19 2D]
[FF FF FD 00][C8][07 00][02] 44 00 01 00[A1 99]
4D
54
4E
[FF FF FD 00][C8][05 00][55][00] 01 [90 19]
[FF FF FD 00][C8][07 00][02] 44 00 01 00[A1 99]
[FF FF FD 00][C8][05 00][55][00] 00 [95 99]
[FF FF FD 00][C8][07 00][03] 42 00 13 00[DA 0D]
[FF FF FD 00][C8][04 00][55][00][19 2D]
[FF FF FD 00][C8][07 00][02] 44 00 01 00[A1 99]
4D
54
4E
[FF FF FD 00][C8][05 00][55][00] 01 [90 19]
[FF FF FD 00][C8][07 00][02] 44 00 01 00[A1 99]
[FF FF FD 00][C8][05 00][55][00] 01 [90 19]
[FF FF FD 00][C8][07 00][02] 44 00 01 00[A1 99]
[FF FF FD 00][C8][05 00][55][00] 01 [90 19]
[FF FF FD 00][C8][07 00][02] 44 00 01 00[A1 99]
[FF FF FD 00][C8][05 00][55][00] 00 [95 99]
[FF FF FD 00][C8][07 00][03] 42 00 00 00[D9 E7]
[FF FF FD 00][C8][04 00][55][00][19 2D]
[FF FF FD 00][C8][07 00][02] 44 00 01 00[A1 99]
[FF FF FD 00][C8][05 00][55][00] 00 [95 99]
[FF FF FD 00][C8][07 00][03] 42 00 01 00[DA 61]
[FF FF FD 00][C8][04 00][55][00][19 2D]
[FF FF FD 00][C8][07 00][02] 44 00 01 00[A1 99]
4D
54
4E
[FF FF FD 00][C8][05 00][55][00] 01 [90 19]
[FF FF FD 00][C8][07 00][02] 44 00 01 00[A1 99]
[FF FF FD 00][C8][05 00][55][00] 00 [95 99]
[FF FF FD 00][C8][07 00][03] 42 00 14 00[D9 9F]
[FF FF FD 00][C8][04 00][55][00][19 2D]
[FF FF FD 00][C8][07 00][02] 44 00 01 00[A1 99]
4D
54
4E
[FF FF FD 00][C8][05 00][55][00] 01 [90 19]
[FF FF FD 00][C8][07 00][02] 44 00 01 00[A1 99]
[FF FF FD 00][C8][05 00][55][00] 01 [90 19]
[FF FF FD 00][C8][07 00][02] 44 00 01 00[A1 99]
[FF FF FD 00][C8][05 00][55][00] 01 [90 19]
[FF FF FD 00][C8][07 00][02] 44 00 01 00[A1 99]
[FF FF FD 00][C8][05 00][55][00] 00 [95 99]
[FF FF FD 00][C8][07 00][03] 42 00 00 00[D9 E7]
[FF FF FD 00][C8][04 00][55][00][19 2D]
[FF FF FD 00][C8][07 00][02] 44 00 01 00[A1 99]
[FF FF FD 00][C8][05 00][55][00] 00 [95 99]
[FF FF FD 00][C8][07 00][03] 42 00 01 00[DA 61]
[FF FF FD 00][C8][04 00][55][00][19 2D]
[FF FF FD 00][C8][07 00][02] 44 00 01 00[A1 99]
4D
54
4E
[FF FF FD 00][C8][05 00][55][00] 01 [90 19]
[FF FF FD 00][C8][07 00][02] 44 00 01 00[A1 99]
[FF FF FD 00][C8][05 00][55][00] 00 [95 99]
[FF FF FD 00][C8][07 00][03] 42 00 15 00[DA 19]
[FF FF FD 00][C8][04 00][55][00][19 2D]
[FF FF FD 00][C8][07 00][02] 44 00 01 00[A1 99]
4D
54
4E
[FF FF FD 00][C8][05 00][55][00] 01 [90 19]
[FF FF FD 00][C8][07 00][02] 44 00 01 00[A1 99]
[FF FF FD 00][C8][05 00][55][00] 01 [90 19]
[FF FF FD 00][C8][07 00][02] 44 00 01 00[A1 99]
[FF FF FD 00][C8][05 00][55][00] 01 [90 19]
[FF FF FD 00][C8][07 00][02] 44 00 01 00[A1 99]
[FF FF FD 00][C8][05 00][55][00] 01 [90 19]
[FF FF FD 00][C8][07 00][02] 44 00 01 00[A1 99]
[FF FF FD 00][C8][07 00][02] 44 00 01 00[A1 99]
[FF FF FD 00][C8][05 00][55][00] 01 [90 19]
[FF FF FD 00][C8][07 00][02] 44 00 01 00[A1 99]
[FF FF FD 00][C8][05 00][55][00] 01 [90 19]
[FF FF FD 00][C8][07 00][02] 44 00 01 00[A1 99]
[FF FF FD 00][C8][05 00][55][00] 01 [90 19]
[FF FF FD 00][C8][07 00][02] 44 00 01 00[A1 99]
[FF FF FD 00][C8][05 00][55][00] 01 [90 19]
[FF FF FD 00][C8][07 00][02] 44 00 01 00[A1 99]
[FF FF FD 00][C8][05 00][55][00] 00 [95 99]
[FF FF FD 00][C8][07 00][03] 42 00 00 00[D9 E7]
[FF FF FD 00][C8][04 00][55][00][19 2D]
[FF FF FD 00][C8][07 00][02] 44 00 01 00[A1 99]
[FF FF FD 00][C8][05 00][55][00] 00 [95 99]
[FF FF FD 00][C8][07 00][03] 42 00 01 00[DA 61]
[FF FF FD 00][C8][04 00][55][00][19 2D]
[FF FF FD 00][C8][07 00][02] 44 00 01 00[A1 99]
4D
54
4E
[FF FF FD 00][C8][05 00][55][00] 01 [90 19]
[FF FF FD 00][C8][07 00][02] 44 00 01 00[A1 99]
[FF FF FD 00][C8][05 00][55][00] 00 [95 99]
[FF FF FD 00][C8][07 00][03] 42 00 16 00[DA 13]
[FF FF FD 00][C8][04 00][55][00][19 2D]
[FF FF FD 00][C8][07 00][02] 44 00 01 00[A1 99]
4D
54
4E
[FF FF FD 00][C8][05 00][55][00] 01 [90 19]
[FF FF FD 00][C8][07 00][02] 44 00 01 00[A1 99]
[FF FF FD 00][C8][05 00][55][00] 01 [90 19]
[FF FF FD 00][C8][07 00][02] 44 00 01 00[A1 99]
[FF FF FD 00][C8][05 00][55][00] 01 [90 19]
[FF FF FD 00][C8][07 00][02] 44 00 01 00[A1 99]
[FF FF FD 00][C8][05 00][55][00] 01 [90 19]
[FF FF FD 00][C8][07 00][02] 44 00 01 00[A1 99]
[FF FF FD 00][C8][05 00][55][00] 01 [90 19]
[FF FF FD 00][C8][07 00][02] 44 00 01 00[A1 99]
[FF FF FD 00][C8][05 00][55][00] 01 [90 19]
[FF FF FD 00][C8][07 00][02] 44 00 01 00[A1 99]
[FF FF FD 00][C8][05 00][55][00] 01 [90 19]
[FF FF FD 00][C8][07 00][02] 44 00 01 00[A1 99]
[FF FF FD 00][C8][05 00][55][00] 01 [90 19]
[FF FF FD 00][C8][07 00][02] 44 00 01 00[A1 99]
[FF FF FD 00][C8][05 00][55][00] 01 [90 19]
[FF FF FD 00][C8][07 00][02] 44 00 01 00[A1 99]
[FF FF FD 00][C8][05 00][55][00] 01 [90 19]
[FF FF FD 00][C8][07 00][02] 44 00 01 00[A1 99]
[FF FF FD 00][C8][05 00][55][00] 01 [90 19]
[FF FF FD 00][C8][07 00][02] 44 00 01 00[A1 99]
[FF FF FD 00][C8][05 00][55][00] 01 [90 19]
[FF FF FD 00][C8][07 00][02] 44 00 01 00[A1 99]
[FF FF FD 00][C8][05 00][55][00] 01 [90 19]
[FF FF FD 00][C8][07 00][02] 44 00 01 00[A1 99]
[FF FF FD 00][C8][05 00][55][00] 01 [90 19]
[FF FF FD 00][C8][07 00][02] 44 00 01 00[A1 99]
[FF FF FD 00][C8][05 00][55][00] 01 [90 19]
[FF FF FD 00][C8][07 00][02] 44 00 01 00[A1 99]
[FF FF FD 00][C8][05 00][55][00] 01 [90 19]
[FF FF FD 00][C8][07 00][02] 44 00 01 00[A1 99]
[FF FF FD 00][C8][05 00][55][00] 01 [90 19]
[FF FF FD 00][C8][07 00][02] 44 00 01 00[A1 99]
[FF FF FD 00][C8][05 00][55][00] 01 [90 19]
[FF FF FD 00][C8][07 00][02] 44 00 01 00[A1 99]
[FF FF FD 00][C8][05 00][55][00] 01 [90 19]
[FF FF FD 00][C8][07 00][02] 44 00 01 00[A1 99]
[FF FF FD 00][C8][05 00][55][00] 01 [90 19]
[FF FF FD 00][C8][07 00][02] 44 00 01 00[A1 99]
[FF FF FD 00][C8][05 00][55][00] 01 [90 19]
[FF FF FD 00][C8][07 00][02] 44 00 01 00[A1 99]
[FF FF FD 00][C8][05 00][55][00] 01 [90 19]
[FF FF FD 00][C8][07 00][02] 44 00 01 00[A1 99]
[FF FF FD 00][C8][05 00][55][00] 01 [90 19]
[FF FF FD 00][C8][07 00][02] 44 00 01 00[A1 99]
[FF FF FD 00][C8][05 00][55][00] 00 [95 99]
[FF FF FD 00][C8][07 00][03] 42 00 00 00[D9 E7]
[FF FF FD 00][C8][04 00][55][00][19 2D]
[FF FF FD 00][C8][07 00][02] 44 00 01 00[A1 99]
[FF FF FD 00][C8][05 00][55][00] 00 [95 99]
[FF FF FD 00][C8][07 00][03] 42 00 01 00[DA 61]
[FF FF FD 00][C8][04 00][55][00][19 2D]
[FF FF FD 00][C8][07 00][02] 44 00 01 00[A1 99]
4D
54
4E
[FF FF FD 00][C8][05 00][55][00] 01 [90 19]
[FF FF FD 00][C8][07 00][02] 44 00 01 00[A1 99]
[FF FF FD 00][C8][05 00][55][00] 00 [95 99]
[FF FF FD 00][C8][07 00][03] 42 00 17 00[D9 95]
[FF FF FD 00][C8][04 00][55][00][19 2D]
[FF FF FD 00][C8][07 00][02] 44 00 01 00[A1 99]
4D
54
4E
[FF FF FD 00][C8][05 00][55][00] 01 [90 19]
[FF FF FD 00][C8][07 00][02] 44 00 01 00[A1 99]
[FF FF FD 00][C8][05 00][55][00] 01 [90 19]
[FF FF FD 00][C8][07 00][02] 44 00 01 00[A1 99]
[FF FF FD 00][C8][05 00][55][00] 01 [90 19]
[FF FF FD 00][C8][07 00][02] 44 00 01 00[A1 99]
[FF FF FD 00][C8][05 00][55][00] 01 [90 19]
[FF FF FD 00][C8][07 00][02] 44 00 01 00[A1 99]
[FF FF FD 00][C8][05 00][55][00] 01 [90 19]
[FF FF FD 00][C8][07 00][02] 44 00 01 00[A1 99]
[FF FF FD 00][C8][05 00][55][00] 01 [90 19]
[FF FF FD 00][C8][07 00][02] 44 00 01 00[A1 99]
[FF FF FD 00][C8][05 00][55][00] 01 [90 19]
[FF FF FD 00][C8][07 00][02] 44 00 01 00[A1 99]
[FF FF FD 00][C8][05 00][55][00] 01 [90 19]
[FF FF FD 00][C8][07 00][02] 44 00 01 00[A1 99]
[FF FF FD 00][C8][05 00][55][00] 01 [90 19]
[FF FF FD 00][C8][07 00][02] 44 00 01 00[A1 99]
[FF FF FD 00][C8][05 00][55][00] 01 [90 19]
[FF FF FD 00][C8][07 00][02] 44 00 01 00[A1 99]
[FF FF FD 00][C8][05 00][55][00] 01 [90 19]
[FF FF FD 00][C8][07 00][02] 44 00 01 00[A1 99]
[FF FF FD 00][C8][05 00][55][00] 01 [90 19]
[FF FF FD 00][C8][07 00][02] 44 00 01 00[A1 99]
[FF FF FD 00][C8][05 00][55][00] 01 [90 19]
[FF FF FD 00][C8][07 00][02] 44 00 01 00[A1 99]
[FF FF FD 00][C8][05 00][55][00] 01 [90 19]
[FF FF FD 00][C8][07 00][02] 44 00 01 00[A1 99]
[FF FF FD 00][C8][05 00][55][00] 01 [90 19]
[FF FF FD 00][C8][07 00][02] 44 00 01 00[A1 99]
[FF FF FD 00][C8][05 00][55][00] 01 [90 19]
[FF FF FD 00][C8][07 00][02] 44 00 01 00[A1 99]
[FF FF FD 00][C8][05 00][55][00] 01 [90 19]
[FF FF FD 00][C8][07 00][02] 44 00 01 00[A1 99]
[FF FF FD 00][C8][05 00][55][00] 01 [90 19]
[FF FF FD 00][C8][07 00][02] 44 00 01 00[A1 99]
[FF FF FD 00][C8][05 00][55][00] 01 [90 19]
[FF FF FD 00][C8][07 00][02] 44 00 01 00[A1 99]
[FF FF FD 00][C8][05 00][55][00] 00 [95 99]
[FF FF FD 00][C8][07 00][03] 42 00 00 00[D9 E7]
[FF FF FD 00][C8][04 00][55][00][19 2D]
[FF FF FD 00][C8][07 00][02] 44 00 01 00[A1 99]
[FF FF FD 00][C8][05 00][55][00] 00 [95 99]
[FF FF FD 00][C8][07 00][03] 42 00 01 00[DA 61]
[FF FF FD 00][C8][04 00][55][00][19 2D]
[FF FF FD 00][C8][07 00][02] 44 00 01 00[A1 99]
4D
54
4E
[FF FF FD 00][C8][05 00][55][00] 01 [90 19]
[FF FF FD 00][C8][07 00][02] 44 00 01 00[A1 99]
[FF FF FD 00][C8][05 00][55][00] 00 [95 99]
[FF FF FD 00][C8][07 00][03] 42 00 18 00[D9 B7]
[FF FF FD 00][C8][04 00][55][00][19 2D]
[FF FF FD 00][C8][07 00][02] 44 00 01 00[A1 99]
4D
54
4E
[FF FF FD 00][C8][05 00][55][00] 01 [90 19]
[FF FF FD 00][C8][07 00][02] 44 00 01 00[A1 99]
[FF FF FD 00][C8][05 00][55][00] 01 [90 19]
[FF FF FD 00][C8][07 00][02] 44 00 01 00[A1 99]
[FF FF FD 00][C8][05 00][55][00] 01 [90 19]
[FF FF FD 00][C8][07 00][02] 44 00 01 00[A1 99]
[FF FF FD 00][C8][05 00][55][00] 01 [90 19]
[FF FF FD 00][C8][07 00][02] 44 00 01 00[A1 99]
[FF FF FD 00][C8][05 00][55][00] 01 [90 19]
[FF FF FD 00][C8][07 00][02] 44 00 01 00[A1 99]
[FF FF FD 00][C8][05 00][55][00] 01 [90 19]
[FF FF FD 00][C8][07 00][02] 44 00 01 00[A1 99]
[FF FF FD 00][C8][05 00][55][00] 01 [90 19]
[FF FF FD 00][C8][07 00][02] 44 00 01 00[A1 99]
[FF FF FD 00][C8][05 00][55][00] 01 [90 19]
[FF FF FD 00][C8][07 00][02] 44 00 01 00[A1 99]
[FF FF FD 00][C8][05 00][55][00] 01 [90 19]
[FF FF FD 00][C8][07 00][02] 44 00 01 00[A1 99]
[FF FF FD 00][C8][05 00][55][00] 01 [90 19]
[FF FF FD 00][C8][07 00][02] 44 00 01 00[A1 99]
[FF FF FD 00][C8][05 00][55][00] 01 [90 19]
[FF FF FD 00][C8][07 00][02] 44 00 01 00[A1 99]
[FF FF FD 00][C8][05 00][55][00] 01 [90 19]
[FF FF FD 00][C8][07 00][02] 44 00 01 00[A1 99]
[FF FF FD 00][C8][05 00][55][00] 00 [95 99]
[FF FF FD 00][C8][07 00][03] 42 00 00 00[D9 E7]
[FF FF FD 00][C8][04 00][55][00][19 2D]
[FF FF FD 00][C8][07 00][02] 44 00 01 00[A1 99]
[FF FF FD 00][C8][05 00][55][00] 00 [95 99]
[FF FF FD 00][C8][07 00][03] 42 00 01 00[DA 61]
[FF FF FD 00][C8][04 00][55][00][19 2D]
[FF FF FD 00][C8][07 00][02] 44 00 01 00[A1 99]
4D
54
4E
[FF FF FD 00][C8][05 00][55][00] 01 [90 19]
[FF FF FD 00][C8][07 00][02] 44 00 01 00[A1 99]
[FF FF FD 00][C8][05 00][55][00] 00 [95 99]
[FF FF FD 00][C8][07 00][03] 42 00 19 00[DA 31]
[FF FF FD 00][C8][04 00][55][00][19 2D]
[FF FF FD 00][C8][07 00][02] 44 00 01 00[A1 99]
4D
54
4E
[FF FF FD 00][C8][05 00][55][00] 01 [90 19]
[FF FF FD 00][C8][07 00][02] 44 00 01 00[A1 99]
[FF FF FD 00][C8][05 00][55][00] 01 [90 19]
[FF FF FD 00][C8][07 00][02] 44 00 01 00[A1 99]
[FF FF FD 00][C8][05 00][55][00] 01 [90 19]
[FF FF FD 00][C8][07 00][02] 44 00 01 00[A1 99]
[FF FF FD 00][C8][05 00][55][00] 00 [95 99]
[FF FF FD 00][C8][07 00][03] 42 00 00 00[D9 E7]
[FF FF FD 00][C8][04 00][55][00][19 2D]
[FF FF FD 00][C8][07 00][02] 44 00 01 00[A1 99]
[FF FF FD 00][C8][05 00][55][00] 00 [95 99]
[FF FF FD 00][C8][07 00][03] 42 00 01 00[DA 61]
[FF FF FD 00][C8][04 00][55][00][19 2D]
[FF FF FD 00][C8][07 00][02] 44 00 01 00[A1 99]
4D
54
4E
[FF FF FD 00][C8][05 00][55][00] 01 [90 19]
[FF FF FD 00][C8][07 00][02] 44 00 01 00[A1 99]
[FF FF FD 00][C8][05 00][55][00] 00 [95 99]
[FF FF FD 00][C8][07 00][03] 42 00 1A 00[DA 3B]
[FF FF FD 00][C8][04 00][55][00][19 2D]
[FF FF FD 00][C8][07 00][02] 44 00 01 00[A1 99]
4D
54
4E
[FF FF FD 00][C8][05 00][55][00] 01 [90 19]
[FF FF FD 00][C8][07 00][02] 44 00 01 00[A1 99]
[FF FF FD 00][C8][05 00][55][00] 01 [90 19]
[FF FF FD 00][C8][07 00][02] 44 00 01 00[A1 99]
[FF FF FD 00][C8][05 00][55][00] 01 [90 19]
[FF FF FD 00][C8][07 00][02] 44 00 01 00[A1 99]
[FF FF FD 00][C8][05 00][55][00] 00 [95 99]
[FF FF FD 00][C8][07 00][03] 42 00 00 00[D9 E7]
[FF FF FD 00][C8][04 00][55][00][19 2D]
[FF FF FD 00][C8][07 00][02] 44 00 01 00[A1 99]
[FF FF FD 00][C8][05 00][55][00] 00 [95 99]
[FF FF FD 00][C8][07 00][03] 42 00 01 00[DA 61]
[FF FF FD 00][C8][04 00][55][00][19 2D]
[FF FF FD 00][C8][07 00][02] 44 00 01 00[A1 99]
4D
54
4E
[FF FF FD 00][C8][05 00][55][00] 01 [90 19]
[FF FF FD 00][C8][07 00][02] 44 00 01 00[A1 99]
[FF FF FD 00][C8][05 00][55][00] 00 [95 99]
[FF FF FD 00][C8][07 00][03] 42 00 1B 00[D9 BD]
[FF FF FD 00][C8][04 00][55][00][19 2D]
[FF FF FD 00][C8][07 00][02] 44 00 01 00[A1 99]
4D
54
4E
[FF FF FD 00][C8][05 00][55][00] 01 [90 19]
[FF FF FD 00][C8][07 00][02] 44 00 01 00[A1 99]
[FF FF FD 00][C8][05 00][55][00] 01 [90 19]
[FF FF FD 00][C8][07 00][02] 44 00 01 00[A1 99]
[FF FF FD 00][C8][05 00][55][00] 01 [90 19]
[FF FF FD 00][C8][07 00][02] 44 00 01 00[A1 99]
[FF FF FD 00][C8][05 00][55][00] 00 [95 99]
[FF FF FD 00][C8][07 00][03] 42 00 00 00[D9 E7]
[FF FF FD 00][C8][04 00][55][00][19 2D]
[FF FF FD 00][C8][07 00][02] 44 00 01 00[A1 99]
[FF FF FD 00][C8][05 00][55][00] 00 [95 99]
[FF FF FD 00][C8][07 00][03] 42 00 01 00[DA 61]
[FF FF FD 00][C8][04 00][55][00][19 2D]
[FF FF FD 00][C8][07 00][02] 44 00 01 00[A1 99]
4D
54
4E
[FF FF FD 00][C8][05 00][55][00] 01 [90 19]
[FF FF FD 00][C8][07 00][02] 44 00 01 00[A1 99]
[FF FF FD 00][C8][05 00][55][00] 00 [95 99]
[FF FF FD 00][C8][07 00][03] 42 00 1C 00[DA 2F]
[FF FF FD 00][C8][04 00][55][00][19 2D]
[FF FF FD 00][C8][07 00][02] 44 00 01 00[A1 99]
4D
54
4E
[FF FF FD 00][C8][05 00][55][00] 01 [90 19]
[FF FF FD 00][C8][07 00][02] 44 00 01 00[A1 99]
[FF FF FD 00][C8][05 00][55][00] 01 [90 19]
[FF FF FD 00][C8][07 00][02] 44 00 01 00[A1 99]
[FF FF FD 00][C8][05 00][55][00] 01 [90 19]
[FF FF FD 00][C8][07 00][02] 44 00 01 00[A1 99]
[FF FF FD 00][C8][05 00][55][00] 00 [95 99]
[FF FF FD 00][C8][07 00][03] 42 00 00 00[D9 E7]
[FF FF FD 00][C8][04 00][55][00][19 2D]
[FF FF FD 00][C8][07 00][02] 44 00 01 00[A1 99]
[FF FF FD 00][C8][05 00][55][00] 00 [95 99]
[FF FF FD 00][C8][07 00][03] 42 00 01 00[DA 61]
[FF FF FD 00][C8][04 00][55][00][19 2D]
[FF FF FD 00][C8][07 00][02] 44 00 01 00[A1 99]
4D
54
4E
[FF FF FD 00][C8][05 00][55][00] 01 [90 19]
[FF FF FD 00][C8][07 00][02] 44 00 01 00[A1 99]
[FF FF FD 00][C8][05 00][55][00] 00 [95 99]
[FF FF FD 00][C8][07 00][03] 42 00 1D 00[D9 A9]
[FF FF FD 00][C8][04 00][55][00][19 2D]
[FF FF FD 00][C8][07 00][02] 44 00 01 00[A1 99]
4D
54
4E
[FF FF FD 00][C8][05 00][55][00] 01 [90 19]
[FF FF FD 00][C8][07 00][02] 44 00 01 00[A1 99]
[FF FF FD 00][C8][05 00][55][00] 01 [90 19]
[FF FF FD 00][C8][07 00][02] 44 00 01 00[A1 99]
[FF FF FD 00][C8][05 00][55][00] 01 [90 19]
[FF FF FD 00][C8][07 00][02] 44 00 01 00[A1 99]
[FF FF FD 00][C8][05 00][55][00] 01 [90 19]
[FF FF FD 00][C8][07 00][02] 44 00 01 00[A1 99]
[FF FF FD 00][C8][05 00][55][00] 00 [95 99]
[FF FF FD 00][C8][07 00][03] 42 00 00 00[D9 E7]
[FF FF FD 00][C8][04 00][55][00][19 2D]
[FF FF FD 00][C8][07 00][02] 44 00 01 00[A1 99]
[FF FF FD 00][C8][05 00][55][00] 00 [95 99]
[FF FF FD 00][C8][07 00][03] 42 00 01 00[DA 61]
[FF FF FD 00][C8][04 00][55][00][19 2D]
[FF FF FD 00][C8][07 00][02] 44 00 01 00[A1 99]
4D
54
4E
[FF FF FD 00][C8][05 00][55][00] 01 [90 19]
[FF FF FD 00][C8][07 00][02] 44 00 01 00[A1 99]
[FF FF FD 00][C8][05 00][55][00] 00 [95 99]
[FF FF FD 00][C8][07 00][03] 42 00 1E 00[D9 A3]
[FF FF FD 00][C8][04 00][55][00][19 2D]
[FF FF FD 00][C8][07 00][02] 44 00 01 00[A1 99]
4D
54
4E
[FF FF FD 00][C8][05 00][55][00] 01 [90 19]
[FF FF FD 00][C8][07 00][02] 44 00 01 00[A1 99]
[FF FF FD 00][C8][05 00][55][00] 01 [90 19]
[FF FF FD 00][C8][07 00][02] 44 00 01 00[A1 99]
[FF FF FD 00][C8][05 00][55][00] 01 [90 19]
[FF FF FD 00][C8][07 00][02] 44 00 01 00[A1 99]
[FF FF FD 00][C8][05 00][55][00] 00 [95 99]
[FF FF FD 00][C8][07 00][03] 42 00 00 00[D9 E7]
[FF FF FD 00][C8][04 00][55][00][19 2D]
[FF FF FD 00][C8][07 00][02] 44 00 01 00[A1 99]
[FF FF FD 00][C8][05 00][55][00] 00 [95 99]
[FF FF FD 00][C8][07 00][03] 42 00 01 00[DA 61]
[FF FF FD 00][C8][04 00][55][00][19 2D]
[FF FF FD 00][C8][07 00][02] 44 00 01 00[A1 99]
4D
54
4E
[FF FF FD 00][C8][05 00][55][00] 01 [90 19]
[FF FF FD 00][C8][07 00][02] 44 00 01 00[A1 99]
[FF FF FD 00][C8][05 00][55][00] 00 [95 99]
[FF FF FD 00][C8][07 00][03] 42 00 1F 00[DA 25]
[FF FF FD 00][C8][04 00][55][00][19 2D]
[FF FF FD 00][C8][07 00][02] 44 00 01 00[A1 99]
4D
54
4E
[FF FF FD 00][C8][05 00][55][00] 01 [90 19]
[FF FF FD 00][C8][07 00][02] 44 00 01 00[A1 99]
[FF FF FD 00][C8][05 00][55][00] 01 [90 19]
[FF FF FD 00][C8][07 00][02] 44 00 01 00[A1 99]
[FF FF FD 00][C8][05 00][55][00] 01 [90 19]
[FF FF FD 00][C8][07 00][02] 44 00 01 00[A1 99]
[FF FF FD 00][C8][05 00][55][00] 00 [95 99]
[FF FF FD 00][C8][07 00][03] 42 00 00 00[D9 E7]
[FF FF FD 00][C8][04 00][55][00][19 2D]
[FF FF FD 00][C8][07 00][02] 44 00 01 00[A1 99]
[FF FF FD 00][C8][05 00][55][00] 00 [95 99]
[FF FF FD 00][C8][07 00][03] 42 00 01 00[DA 61]
[FF FF FD 00][C8][04 00][55][00][19 2D]
[FF FF FD 00][C8][07 00][02] 44 00 01 00[A1 99]
4D
54
4E
[FF FF FD 00][C8][05 00][55][00] 01 [90 19]
[FF FF FD 00][C8][07 00][02] 44 00 01 00[A1 99]
[FF FF FD 00][C8][05 00][55][00] 00 [95 99]
[FF FF FD 00][C8][07 00][03] 42 00 20 00[DA A7]
[FF FF FD 00][C8][04 00][55][00][19 2D]
[FF FF FD 00][C8][07 00][02] 44 00 01 00[A1 99]
4D
54
4E
[FF FF FD 00][C8][05 00][55][00] 01 [90 19]
[FF FF FD 00][C8][07 00][02] 44 00 01 00[A1 99]
[FF FF FD 00][C8][05 00][55][00] 01 [90 19]
[FF FF FD 00][C8][07 00][02] 44 00 01 00[A1 99]
[FF FF FD 00][C8][05 00][55][00] 00 [95 99]
[FF FF FD 00][C8][07 00][03] 42 00 00 00[D9 E7]
[FF FF FD 00][C8][04 00][55][00][19 2D]
[FF FF FD 00][C8][07 00][02] 44 00 01 00[A1 99]
[FF FF FD 00][C8][05 00][55][00] 00 [95 99]
[FF FF FD 00][C8][07 00][03] 42 00 01 00[DA 61]
[FF FF FD 00][C8][04 00][55][00][19 2D]
[FF FF FD 00][C8][07 00][02] 44 00 01 00[A1 99]
4D
54
4E
[FF FF FD 00][C8][05 00][55][00] 01 [90 19]
[FF FF FD 00][C8][07 00][02] 44 00 01 00[A1 99]
[FF FF FD 00][C8][05 00][55][00] 00 [95 99]
[FF FF FD 00][C8][07 00][03] 42 00 21 00[D9 21]
[FF FF FD 00][C8][04 00][55][00][19 2D]
[FF FF FD 00][C8][07 00][02] 44 00 01 00[A1 99]
4D
54
4E
[FF FF FD 00][C8][05 00][55][00] 01 [90 19]
[FF FF FD 00][C8][07 00][02] 44 00 01 00[A1 99]
[FF FF FD 00][C8][05 00][55][00] 01 [90 19]
[FF FF FD 00][C8][07 00][02] 44 00 01 00[A1 99]
[FF FF FD 00][C8][05 00][55][00] 00 [95 99]
[FF FF FD 00][C8][07 00][03] 42 00 00 00[D9 E7]
[FF FF FD 00][C8][04 00][55][00][19 2D]
[FF FF FD 00][C8][07 00][02] 44 00 01 00[A1 99]
[FF FF FD 00][C8][05 00][55][00] 00 [95 99]
[FF FF FD 00][C8][07 00][03] 42 00 01 00[DA 61]
[FF FF FD 00][C8][04 00][55][00][19 2D]
[FF FF FD 00][C8][07 00][02] 44 00 01 00[A1 99]
4D
54
4E
[FF FF FD 00][C8][05 00][55][00] 01 [90 19]
[FF FF FD 00][C8][07 00][02] 44 00 01 00[A1 99]
[FF FF FD 00][C8][05 00][55][00] 00 [95 99]
[FF FF FD 00][C8][07 00][03] 42 00 22 00[D9 2B]
[FF FF FD 00][C8][04 00][55][00][19 2D]
[FF FF FD 00][C8][07 00][02] 44 00 01 00[A1 99]
4D
54
4E
[FF FF FD 00][C8][05 00][55][00] 01 [90 19]
[FF FF FD 00][C8][07 00][02] 44 00 01 00[A1 99]
[FF FF FD 00][C8][05 00][55][00] 01 [90 19]
[FF FF FD 00][C8][07 00][02] 44 00 01 00[A1 99]
[FF FF FD 00][C8][05 00][55][00] 01 [90 19]
[FF FF FD 00][C8][07 00][02] 44 00 01 00[A1 99]
[FF FF FD 00][C8][05 00][55][00] 01 [90 19]
[FF FF FD 00][C8][07 00][02] 44 00 01 00[A1 99]
[FF FF FD 00][C8][05 00][55][00] 01 [90 19]
[FF FF FD 00][C8][07 00][02] 44 00 01 00[A1 99]
[FF FF FD 00][C8][05 00][55][00] 00 [95 99]
[FF FF FD 00][C8][07 00][03] 42 00 00 00[D9 E7]
[FF FF FD 00][C8][04 00][55][00][19 2D]
[FF FF FD 00][C8][07 00][02] 44 00 01 00[A1 99]
[FF FF FD 00][C8][05 00][55][00] 00 [95 99]
[FF FF FD 00][C8][07 00][03] 42 00 01 00[DA 61]
[FF FF FD 00][C8][04 00][55][00][19 2D]
[FF FF FD 00][C8][07 00][02] 44 00 01 00[A1 99]
4D
54
4E
[FF FF FD 00][C8][05 00][55][00] 01 [90 19]
[FF FF FD 00][C8][07 00][02] 44 00 01 00[A1 99]
[FF FF FD 00][C8][05 00][55][00] 00 [95 99]
[FF FF FD 00][C8][07 00][03] 42 00 23 00[DA AD]
[FF FF FD 00][C8][04 00][55][00][19 2D]
[FF FF FD 00][C8][07 00][02] 44 00 01 00[A1 99]
4D
54
4E
[FF FF FD 00][C8][05 00][55][00] 01 [90 19]
[FF FF FD 00][C8][07 00][02] 44 00 01 00[A1 99]
[FF FF FD 00][C8][05 00][55][00] 01 [90 19]
[FF FF FD 00][C8][07 00][02] 44 00 01 00[A1 99]
[FF FF FD 00][C8][05 00][55][00] 01 [90 19]
[FF FF FD 00][C8][07 00][02] 44 00 01 00[A1 99]
[FF FF FD 00][C8][05 00][55][00] 01 [90 19]
[FF FF FD 00][C8][07 00][02] 44 00 01 00[A1 99]
[FF FF FD 00][C8][05 00][55][00] 01 [90 19]
[FF FF FD 00][C8][07 00][02] 44 00 01 00[A1 99]
[FF FF FD 00][C8][05 00][55][00] 00 [95 99]
[FF FF FD 00][C8][07 00][03] 42 00 00 00[D9 E7]
[FF FF FD 00][C8][04 00][55][00][19 2D]
[FF FF FD 00][C8][07 00][02] 44 00 01 00[A1 99]
[FF FF FD 00][C8][05 00][55][00] 00 [95 99]
[FF FF FD 00][C8][07 00][03] 42 00 01 00[DA 61]
[FF FF FD 00][C8][04 00][55][00][19 2D]
[FF FF FD 00][C8][07 00][02] 44 00 01 00[A1 99]
4D
54
4E
[FF FF FD 00][C8][05 00][55][00] 01 [90 19]
[FF FF FD 00][C8][07 00][02] 44 00 01 00[A1 99]
[FF FF FD 00][C8][05 00][55][00] 00 [95 99]
[FF FF FD 00][C8][07 00][03] 42 00 24 00[D9 3F]
[FF FF FD 00][C8][04 00][55][00][19 2D]
[FF FF FD 00][C8][07 00][02] 44 00 01 00[A1 99]
4D
54
4E
[FF FF FD 00][C8][05 00][55][00] 01 [90 19]
[FF FF FD 00][C8][07 00][02] 44 00 01 00[A1 99]
[FF FF FD 00][C8][05 00][55][00] 01 [90 19]
[FF FF FD 00][C8][07 00][02] 44 00 01 00[A1 99]
[FF FF FD 00][C8][05 00][55][00] 01 [90 19]
[FF FF FD 00][C8][07 00][02] 44 00 01 00[A1 99]
[FF FF FD 00][C8][05 00][55][00] 01 [90 19]
[FF FF FD 00][C8][07 00][02] 44 00 01 00[A1 99]
[FF FF FD 00][C8][05 00][55][00] 01 [90 19]
[FF FF FD 00][C8][07 00][02] 44 00 01 00[A1 99]
[FF FF FD 00][C8][05 00][55][00] 00 [95 99]
[FF FF FD 00][C8][07 00][03] 42 00 00 00[D9 E7]
[FF FF FD 00][C8][04 00][55][00][19 2D]
[FF FF FD 00][C8][07 00][02] 44 00 01 00[A1 99]
[FF FF FD 00][C8][05 00][55][00] 00 [95 99]
[FF FF FD 00][C8][07 00][03] 42 00 01 00[DA 61]
[FF FF FD 00][C8][04 00][55][00][19 2D]
[FF FF FD 00][C8][07 00][02] 44 00 01 00[A1 99]
4D
54
4E
[FF FF FD 00][C8][05 00][55][00] 01 [90 19]
[FF FF FD 00][C8][07 00][02] 44 00 01 00[A1 99]
[FF FF FD 00][C8][05 00][55][00] 00 [95 99]
[FF FF FD 00][C8][07 00][03] 42 00 25 00[DA B9]
[FF FF FD 00][C8][04 00][55][00][19 2D]
[FF FF FD 00][C8][07 00][02] 44 00 01 00[A1 99]
4D
54
4E
[FF FF FD 00][C8][05 00][55][00] 01 [90 19]
[FF FF FD 00][C8][07 00][02] 44 00 01 00[A1 99]
[FF FF FD 00][C8][05 00][55][00] 01 [90 19]
[FF FF FD 00][C8][07 00][02] 44 00 01 00[A1 99]
[FF FF FD 00][C8][05 00][55][00] 01 [90 19]
[FF FF FD 00][C8][07 00][02] 44 00 01 00[A1 99]
[FF FF FD 00][C8][05 00][55][00] 01 [90 19]
[FF FF FD 00][C8][07 00][02] 44 00 01 00[A1 99]
[FF FF FD 00][C8][05 00][55][00] 01 [90 19]
[FF FF FD 00][C8][07 00][02] 44 00 01 00[A1 99]
[FF FF FD 00][C8][05 00][55][00] 01 [90 19]
[FF FF FD 00][C8][07 00][02] 44 00 01 00[A1 99]
[FF FF FD 00][C8][05 00][55][00] 01 [90 19]
[FF FF FD 00][C8][07 00][02] 44 00 01 00[A1 99]
00
[FF FF FD 00][C8][05 00][55][00] 00 [95 99]
[FF FF FD 00][C8][07 00][03] 42 00 00 00[D9 E7]
[FF FF FD 00][C8][04 00][55][00][19 2D]
[FF FF FD 00][C8][07 00][02] 44 00 01 00[A1 99]
[FF FF FD 00][C8][05 00][55][00] 00 [95 99]
[FF FF FD 00][C8][07 00][03] 42 00 01 00[DA 61]
00
[FF FF FD 00][C8][04 00][55][00][19 2D]
[FF FF FD 00][C8][07 00][02] 44 00 01 00[A1 99]
0D
0A
20
45
72
72
20
49
44
3A
31
30
4D
54
4E
[FF FF FD 00][C8][05 00][55][00] 01 [90 19]
[FF FF FD 00][C8][07 00][02] 44 00 01 00[A1 99]
00
00
[FF FF FD 00][C8][05 00][55][00] 00 [95 99]
[FF FF FD 00][C8][07 00][03] 42 00 26 00[DA B3]
00
00
[FF FF FD 00][C8][04 00][55][00][19 2D]
[FF FF FD 00][C8][07 00][02] 44 00 01 00[A1 99]
0D
0A
20
45
72
72
20
49
44
3A
30
45
4D
54
4E
[FF FF FD 00][C8][05 00][55][00] 01 [90 19]
[FF FF FD 00][C8][07 00][02] 44 00 01 00[A1 99]
[FF FF FD 00][C8][05 00][55][00] 01 [90 19]
[FF FF FD 00][C8][07 00][02] 44 00 01 00[A1 99]
[FF FF FD 00][C8][05 00][55][00] 01 [90 19]
[FF FF FD 00][C8][07 00][02] 44 00 01 00[A1 99]
[FF FF FD 00][C8][05 00][55][00] 01 [90 19]
[FF FF FD 00][C8][07 00][02] 44 00 01 00[A1 99]
[FF FF FD 00][C8][05 00][55][00] 01 [90 19]
[FF FF FD 00][C8][07 00][02] 44 00 01 00[A1 99]
[FF FF FD 00][C8][05 00][55][00] 01 [90 19]
[FF FF FD 00][C8][07 00][02] 44 00 01 00[A1 99]
[FF FF FD 00][C8][05 00][55][00] 01 [90 19]
[FF FF FD 00][C8][07 00][02] 44 00 01 00[A1 99]
[FF FF FD 00][C8][05 00][55][00] 01 [90 19]
[FF FF FD 00][C8][07 00][02] 44 00 01 00[A1 99]
[FF FF FD 00][C8][05 00][55][00] 01 [90 19]
[FF FF FD 00][C8][07 00][02] 44 00 01 00[A1 99]
[FF FF FD 00][C8][05 00][55][00] 01 [90 19]
[FF FF FD 00][C8][07 00][02] 44 00 01 00[A1 99]
[FF FF FD 00][C8][05 00][55][00] 01 [90 19]
[FF FF FD 00][C8][07 00][02] 44 00 01 00[A1 99]
[FF FF FD 00][C8][05 00][55][00] 01 [90 19]
[FF FF FD 00][C8][07 00][02] 44 00 01 00[A1 99]
[FF FF FD 00][C8][05 00][55][00] 01 [90 19]
[FF FF FD 00][C8][07 00][02] 44 00 01 00[A1 99]
[FF FF FD 00][C8][05 00][55][00] 01 [90 19]
[FF FF FD 00][C8][07 00][02] 44 00 01 00[A1 99]
[FF FF FD 00][C8][05 00][55][00] 01 [90 19]
[FF FF FD 00][C8][07 00][02] 44 00 01 00[A1 99]
[FF FF FD 00][C8][05 00][55][00] 01 [90 19]
[FF FF FD 00][C8][07 00][02] 44 00 01 00[A1 99]
[FF FF FD 00][C8][05 00][55][00] 01 [90 19]
[FF FF FD 00][C8][07 00][02] 44 00 01 00[A1 99]
[FF FF FD 00][C8][05 00][55][00] 01 [90 19]
[FF FF FD 00][C8][07 00][02] 44 00 01 00[A1 99]
[FF FF FD 00][C8][05 00][55][00] 01 [90 19]
[FF FF FD 00][C8][07 00][02] 44 00 01 00[A1 99]
[FF FF FD 00][C8][05 00][55][00] 01 [90 19]
[FF FF FD 00][C8][07 00][02] 44 00 01 00[A1 99]
[FF FF FD 00][C8][05 00][55][00] 01 [90 19]
[FF FF FD 00][C8][07 00][02] 44 00 01 00[A1 99]
[FF FF FD 00][C8][05 00][55][00] 01 [90 19]
[FF FF FD 00][C8][07 00][02] 44 00 01 00[A1 99]
[FF FF FD 00][C8][05 00][55][00] 01 [90 19]
[FF FF FD 00][C8][07 00][02] 44 00 01 00[A1 99]
[FF FF FD 00][C8][05 00][55][00] 00 [95 99]
[FF FF FD 00][C8][07 00][03] 42 00 00 00[D9 E7]
[FF FF FD 00][C8][04 00][55][00][19 2D]
[FF FF FD 00][C8][07 00][02] 44 00 01 00[A1 99]
[FF FF FD 00][C8][05 00][55][00] 00 [95 99]
[FF FF FD 00][C8][07 00][03] 42 00 01 00[DA 61]
[FF FF FD 00][C8][04 00][55][00][19 2D]
[FF FF FD 00][C8][07 00][02] 44 00 01 00[A1 99]
4D
54
4E
[FF FF FD 00][C8][05 00][55][00] 01 [90 19]
[FF FF FD 00][C8][07 00][02] 44 00 01 00[A1 99]
[FF FF FD 00][C8][05 00][55][00] 00 [95 99]
[FF FF FD 00][C8][07 00][03] 42 00 27 00[D9 35]
[FF FF FD 00][C8][04 00][55][00][19 2D]
[FF FF FD 00][C8][07 00][02] 44 00 01 00[A1 99]
4D
54
4E
[FF FF FD 00][C8][05 00][55][00] 01 [90 19]
[FF FF FD 00][C8][07 00][02] 44 00 01 00[A1 99]
[FF FF FD 00][C8][05 00][55][00] 01 [90 19]
[FF FF FD 00][C8][07 00][02] 44 00 01 00[A1 99]
[FF FF FD 00][C8][05 00][55][00] 01 [90 19]
[FF FF FD 00][C8][07 00][02] 44 00 01 00[A1 99]
[FF FF FD 00][C8][05 00][55][00] 01 [90 19]
[FF FF FD 00][C8][07 00][02] 44 00 01 00[A1 99]
[FF FF FD 00][C8][05 00][55][00] 01 [90 19]
[FF FF FD 00][C8][07 00][02] 44 00 01 00[A1 99]
[FF FF FD 00][C8][05 00][55][00] 01 [90 19]
[FF FF FD 00][C8][07 00][03] 42 00 00 00[D9 E7]
[FF FF FD 00][C8][04 00][55][00][19 2D]
[FF FF FD 00][C8][07 00][02] 44 00 01 00[A1 99]
[FF FF FD 00][C8][05 00][55][00] 01 [90 19]
[FF FF FD 00][C8][07 00][02] 44 00 01 00[A1 99]
[FF FF FD 00][C8][05 00][55][00] 00 [95 99]
[FF FF FD 00][C8][07 00][03] 42 00 01 00[DA 61]
[FF FF FD 00][C8][04 00][55][00][19 2D]
[FF FF FD 00][C8][07 00][02] 44 00 01 00[A1 99]
4D
54
4E
[FF FF FD 00][C8][05 00][55][00] 01 [90 19]
[FF FF FD 00][C8][07 00][02] 44 00 01 00[A1 99]
[FF FF FD 00][C8][05 00][55][00] 00 [95 99]
[FF FF FD 00][C8][07 00][03] 42 00 28 00[D9 17]
[FF FF FD 00][C8][04 00][55][00][19 2D]
[FF FF FD 00][C8][07 00][02] 44 00 01 00[A1 99]
4D
54
4E
[FF FF FD 00][C8][05 00][55][00] 01 [90 19]
[FF FF FD 00][C8][07 00][02] 44 00 01 00[A1 99]
[FF FF FD 00][C8][05 00][55][00] 01 [90 19]
[FF FF FD 00][C8][07 00][02] 44 00 01 00[A1 99]
[FF FF FD 00][C8][05 00][55][00] 01 [90 19]
[FF FF FD 00][C8][07 00][02] 44 00 01 00[A1 99]
[FF FF FD 00][C8][05 00][55][00] 01 [90 19]
[FF FF FD 00][C8][07 00][02] 44 00 01 00[A1 99]
[FF FF FD 00][C8][05 00][55][00] 01 [90 19]
[FF FF FD 00][C8][07 00][02] 44 00 01 00[A1 99]
[FF FF FD 00][C8][05 00][55][00] 01 [90 19]
[FF FF FD 00][C8][07 00][02] 44 00 01 00[A1 99]
[FF FF FD 00][C8][05 00][55][00] 01 [90 19]
[FF FF FD 00][C8][07 00][02] 44 00 01 00[A1 99]
[FF FF FD 00][C8][05 00][55][00] 01 [90 19]
[FF FF FD 00][C8][07 00][02] 44 00 01 00[A1 99]
[FF FF FD 00][C8][05 00][55][00] 01 [90 19]
[FF FF FD 00][C8][07 00][02] 44 00 01 00[A1 99]
[FF FF FD 00][C8][05 00][55][00] 01 [90 19]
[FF FF FD 00][C8][07 00][02] 44 00 01 00[A1 99]
[FF FF FD 00][C8][05 00][55][00] 01 [90 19]
[FF FF FD 00][C8][07 00][02] 44 00 01 00[A1 99]
[FF FF FD 00][C8][05 00][55][00] 01 [90 19]
[FF FF FD 00][C8][07 00][02] 44 00 01 00[A1 99]
[FF FF FD 00][C8][05 00][55][00] 00 [95 99]
[FF FF FD 00][C8][07 00][03] 42 00 00 00[D9 E7]
[FF FF FD 00][C8][04 00][55][00][19 2D]
[FF FF FD 00][C8][07 00][02] 44 00 01 00[A1 99]
[FF FF FD 00][C8][05 00][55][00] 00 [95 99]
[FF FF FD 00][C8][07 00][03] 42 00 01 00[DA 61]
[FF FF FD 00][C8][04 00][55][00][19 2D]
[FF FF FD 00][C8][07 00][02] 44 00 01 00[A1 99]
4D
54
4E
[FF FF FD 00][C8][05 00][55][00] 01 [90 19]
[FF FF FD 00][C8][07 00][02] 44 00 01 00[A1 99]
[FF FF FD 00][C8][05 00][55][00] 00 [95 99]
[FF FF FD 00][C8][07 00][03] 42 00 29 00[DA 91]
[FF FF FD 00][C8][04 00][55][00][19 2D]
[FF FF FD 00][C8][07 00][02] 44 00 01 00[A1 99]
4D
54
4E
[FF FF FD 00][C8][05 00][55][00] 01 [90 19]
[FF FF FD 00][C8][07 00][02] 44 00 01 00[A1 99]
[FF FF FD 00][C8][05 00][55][00] 01 [90 19]
[FF FF FD 00][C8][07 00][02] 44 00 01 00[A1 99]
[FF FF FD 00][C8][05 00][55][00] 01 [90 19]
[FF FF FD 00][C8][07 00][02] 44 00 01 00[A1 99]
[FF FF FD 00][C8][05 00][55][00] 01 [90 19]
[FF FF FD 00][C8][07 00][02] 44 00 01 00[A1 99]
[FF FF FD 00][C8][05 00][55][00] 01 [90 19]
[FF FF FD 00][C8][07 00][02] 44 00 01 00[A1 99]
[FF FF FD 00][C8][05 00][55][00] 01 [90 19]
[FF FF FD 00][C8][07 00][02] 44 00 01 00[A1 99]
[FF FF FD 00][C8][05 00][55][00] 01 [90 19]
[FF FF FD 00][C8][07 00][02] 44 00 01 00[A1 99]
[FF FF FD 00][C8][05 00][55][00] 01 [90 19]
[FF FF FD 00][C8][07 00][02] 44 00 01 00[A1 99]
[FF FF FD 00][C8][05 00][55][00] 01 [90 19]
[FF FF FD 00][C8][07 00][02] 44 00 01 00[A1 99]
[FF FF FD 00][C8][05 00][55][00] 01 [90 19]
[FF FF FD 00][C8][07 00][02] 44 00 01 00[A1 99]
[FF FF FD 00][C8][05 00][55][00] 01 [90 19]
[FF FF FD 00][C8][07 00][02] 44 00 01 00[A1 99]
[FF FF FD 00][C8][05 00][55][00] 01 [90 19]
[FF FF FD 00][C8][07 00][02] 44 00 01 00[A1 99]
[FF FF FD 00][C8][05 00][55][00] 00 [95 99]
[FF FF FD 00][C8][07 00][03] 42 00 00 00[D9 E7]
[FF FF FD 00][C8][04 00][55][00][19 2D]
[FF FF FD 00][C8][07 00][02] 44 00 01 00[A1 99]
[FF FF FD 00][C8][05 00][55][00] 00 [95 99]
[FF FF FD 00][C8][07 00][03] 42 00 01 00[DA 61]
[FF FF FD 00][C8][04 00][55][00][19 2D]
[FF FF FD 00][C8][07 00][02] 44 00 01 00[A1 99]
4D
54
4E
[FF FF FD 00][C8][05 00][55][00] 01 [90 19]
[FF FF FD 00][C8][07 00][02] 44 00 01 00[A1 99]
[FF FF FD 00][C8][05 00][55][00] 00 [95 99]
[FF FF FD 00][C8][07 00][03] 42 00 2A 00[DA 9B]
[FF FF FD 00][C8][04 00][55][00][19 2D]
[FF FF FD 00][C8][07 00][02] 44 00 01 00[A1 99]
4D
54
4E
[FF FF FD 00][C8][05 00][55][00] 01 [90 19]
[FF FF FD 00][C8][07 00][02] 44 00 01 00[A1 99]
[FF FF FD 00][C8][05 00][55][00] 01 [90 19]
[FF FF FD 00][C8][07 00][02] 44 00 01 00[A1 99]
[FF FF FD 00][C8][05 00][55][00] 01 [90 19]
[FF FF FD 00][C8][07 00][02] 44 00 01 00[A1 99]
[FF FF FD 00][C8][05 00][55][00] 01 [90 19]
[FF FF FD 00][C8][07 00][02] 44 00 01 00[A1 99]
[FF FF FD 00][C8][05 00][55][00] 01 [90 19]
[FF FF FD 00][C8][07 00][02] 44 00 01 00[A1 99]
[FF FF FD 00][C8][05 00][55][00] 01 [90 19]
[FF FF FD 00][C8][07 00][02] 44 00 01 00[A1 99]
[FF FF FD 00][C8][05 00][55][00] 01 [90 19]
[FF FF FD 00][C8][07 00][02] 44 00 01 00[A1 99]
[FF FF FD 00][C8][05 00][55][00] 01 [90 19]
[FF FF FD 00][C8][07 00][02] 44 00 01 00[A1 99]
[FF FF FD 00][C8][05 00][55][00] 01 [90 19]
[FF FF FD 00][C8][07 00][02] 44 00 01 00[A1 99]
[FF FF FD 00][C8][05 00][55][00] 01 [90 19]
[FF FF FD 00][C8][07 00][02] 44 00 01 00[A1 99]
[FF FF FD 00][C8][05 00][55][00] 01 [90 19]
[FF FF FD 00][C8][07 00][02] 44 00 01 00[A1 99]
[FF FF FD 00][C8][05 00][55][00] 01 [90 19]
[FF FF FD 00][C8][07 00][02] 44 00 01 00[A1 99]
[FF FF FD 00][C8][05 00][55][00] 01 [90 19]
[FF FF FD 00][C8][07 00][02] 44 00 01 00[A1 99]
[FF FF FD 00][C8][05 00][55][00] 01 [90 19]
[FF FF FD 00][C8][07 00][02] 44 00 01 00[A1 99]
[FF FF FD 00][C8][05 00][55][00] 01 [90 19]
[FF FF FD 00][C8][07 00][02] 44 00 01 00[A1 99]
[FF FF FD 00][C8][05 00][55][00] 01 [90 19]
[FF FF FD 00][C8][07 00][02] 44 00 01 00[A1 99]
[FF FF FD 00][C8][05 00][55][00] 01 [90 19]
[FF FF FD 00][C8][07 00][02] 44 00 01 00[A1 99]
[FF FF FD 00][C8][05 00][55][00] 01 [90 19]
[FF FF FD 00][C8][07 00][02] 44 00 01 00[A1 99]
[FF FF FD 00][C8][05 00][55][00] 00 [95 99]
[FF FF FD 00][C8][07 00][03] 42 00 00 00[D9 E7]
[FF FF FD 00][C8][04 00][55][00][19 2D]
[FF FF FD 00][C8][07 00][02] 44 00 01 00[A1 99]
[FF FF FD 00][C8][05 00][55][00] 00 [95 99]
[FF FF FD 00][C8][07 00][03] 42 00 01 00[DA 61]
[FF FF FD 00][C8][04 00][55][00][19 2D]
[FF FF FD 00][C8][07 00][02] 44 00 01 00[A1 99]
4D
54
4E
[FF FF FD 00][C8][05 00][55][00] 01 [90 19]
[FF FF FD 00][C8][07 00][02] 44 00 01 00[A1 99]
[FF FF FD 00][C8][05 00][55][00] 00 [95 99]
[FF FF FD 00][C8][07 00][02] 44 00 01 00[A1 99]
[FF FF FD 00][C8][05 00][55][00] 00 [95 99]
[FF FF FD 00][C8][07 00][03] 42 00 03 00[D9 ED]
[FF FF FD 00][C8][04 00][55][00][19 2D]
[FF FF FD 00][C8][07 00][02] 44 00 01 00[A1 99]
4D
54
4E
[FF FF FD 00][C8][05 00][55][00] 01 [90 19]
[FF FF FD 00][C8][07 00][02] 44 00 01 00[A1 99]
[FF FF FD 00][C8][05 00][55][00] 01 [90 19]
[FF FF FD 00][C8][07 00][02] 44 00 01 00[A1 99]
[FF FF FD 00][C8][05 00][55][00] 00 [95 99]
